<?xml version="1.0" encoding="UTF-8"?>
<!-- Generated by org.testng.reporters.JUnitReportReporter -->
<testsuite ignored="0" hostname="BKLAP117" failures="0" tests="1" name="com.bk.testScripts.loginPage.LogInTest" time="62.011" errors="0" timestamp="22 Aug 2023 10:16:02 GMT" skipped="0">
  <testcase classname="com.bk.testScripts.loginPage.LogInTest" name="LoginWithValidCredentials" time="62.011"/>
</testsuite> <!-- com.bk.testScripts.loginPage.LogInTest -->
