<?xml version="1.0" encoding="UTF-8"?>
<!-- Generated by org.testng.reporters.JUnitReportReporter -->
<testsuite ignored="0" hostname="BKLAP084" failures="0" tests="4" name="com.jdrf.testScripts.loginPage.NewTest" time="0.032" errors="0" timestamp="31 May 2021 09:35:02 GMT" skipped="0">
  <testcase classname="com.jdrf.testScripts.loginPage.NewTest" name="tester" time="0.005"/>
  <testcase classname="com.jdrf.testScripts.loginPage.NewTest" name="java" time="0.022"/>
  <testcase classname="com.jdrf.testScripts.loginPage.NewTest" name="dot_net" time="0.002"/>
  <testcase classname="com.jdrf.testScripts.loginPage.NewTest" name="hr" time="0.003"/>
</testsuite> <!-- com.jdrf.testScripts.loginPage.NewTest -->
