<?xml version="1.0" encoding="UTF-8"?>
<!-- Generated by org.testng.reporters.JUnitReportReporter -->
<testsuite ignored="0" hostname="BKLAP084" failures="0" tests="2" name="com.jdrf.testScripts.loginPage.LogInTest" time="5.238" errors="0" timestamp="13 Jun 2021 08:53:32 GMT" skipped="0">
  <testcase classname="com.jdrf.testScripts.loginPage.LogInTest" name="LoginWithBlankCredentials" time="1.394"/>
  <testcase classname="com.jdrf.testScripts.loginPage.LogInTest" name="LoginWithInValidCredentials" time="3.844"/>
</testsuite> <!-- com.jdrf.testScripts.loginPage.LogInTest -->
